app/build/intermediates/manifest_merge_blame_file/debug/manifest-merger-blame-debug-report.txt
1<?xml version="1.0" encoding="utf-8"?>
2<manifest xmlns:android="http://schemas.android.com/apk/res/android"
3    package="edu.temple.audiobb"
4    android:versionCode="1"
5    android:versionName="1.0" >
6
7    <uses-sdk
8        android:minSdkVersion="30"
8-->src\main\AndroidManifest.xml
9        android:targetSdkVersion="31" />
9-->src\main\AndroidManifest.xml
10
11    <uses-permission android:name="android.permission.INTERNET" />
11-->src\main\AndroidManifest.xml:5:5-67
11-->src\main\AndroidManifest.xml:5:22-64
12    <uses-permission android:name="android.permission.ACCESS_NETWORK_STATE" />
12-->src\main\AndroidManifest.xml:6:5-79
12-->src\main\AndroidManifest.xml:6:22-76
13    <uses-permission android:name="android.permission.WRITE_EXTERNAL_STORAGE" />
13-->src\main\AndroidManifest.xml:7:5-80
13-->src\main\AndroidManifest.xml:7:22-78
14    <uses-permission android:name="android.permission.FOREGROUND_SERVICE" />
14-->[audlib-player.aar] AndroidManifest.xml:10:5-77
14-->[audlib-player.aar] AndroidManifest.xml:10:22-74
15
16    <application
16-->src\main\AndroidManifest.xml:9:5-29:19
17        android:allowBackup="true"
17-->src\main\AndroidManifest.xml:10:9-35
18        android:appComponentFactory="androidx.core.app.CoreComponentFactory"
18-->[androidx.core:core:1.7.0] AndroidManifest.xml:24:18-86
19        android:debuggable="true"
20        android:extractNativeLibs="false"
21        android:icon="@mipmap/ic_launcher"
21-->src\main\AndroidManifest.xml:11:9-43
22        android:label="@string/app_name"
22-->src\main\AndroidManifest.xml:12:9-41
23        android:roundIcon="@mipmap/ic_launcher_round"
23-->src\main\AndroidManifest.xml:13:9-54
24        android:supportsRtl="true"
24-->src\main\AndroidManifest.xml:14:9-35
25        android:testOnly="true"
26        android:theme="@style/Theme.AudioBB" >
26-->src\main\AndroidManifest.xml:15:9-45
27        <activity
27-->src\main\AndroidManifest.xml:16:9-19:50
28            android:name="edu.temple.audiobb.SearchActivity"
28-->src\main\AndroidManifest.xml:17:13-43
29            android:exported="true"
29-->src\main\AndroidManifest.xml:18:13-36
30            android:theme="@style/SearchDialog" />
30-->src\main\AndroidManifest.xml:19:13-48
31        <activity
31-->src\main\AndroidManifest.xml:20:9-28:20
32            android:name="edu.temple.audiobb.MainActivity"
32-->src\main\AndroidManifest.xml:21:13-41
33            android:exported="true" >
33-->src\main\AndroidManifest.xml:22:13-36
34            <intent-filter>
34-->src\main\AndroidManifest.xml:23:13-27:29
35                <action android:name="android.intent.action.MAIN" />
35-->src\main\AndroidManifest.xml:24:17-69
35-->src\main\AndroidManifest.xml:24:25-66
36
37                <category android:name="android.intent.category.LAUNCHER" />
37-->src\main\AndroidManifest.xml:26:17-77
37-->src\main\AndroidManifest.xml:26:27-74
38            </intent-filter>
39        </activity>
40
41        <service
41-->[audlib-player.aar] AndroidManifest.xml:15:9-18:40
42            android:name="edu.temple.audlibplayer.PlayerService"
42-->[audlib-player.aar] AndroidManifest.xml:16:13-65
43            android:enabled="true"
43-->[audlib-player.aar] AndroidManifest.xml:17:13-35
44            android:exported="false" />
44-->[audlib-player.aar] AndroidManifest.xml:18:13-37
45
46        <provider
46-->[com.squareup.picasso:picasso:2.71828] AndroidManifest.xml:8:9-11:40
47            android:name="com.squareup.picasso.PicassoProvider"
47-->[com.squareup.picasso:picasso:2.71828] AndroidManifest.xml:9:13-64
48            android:authorities="edu.temple.audiobb.com.squareup.picasso"
48-->[com.squareup.picasso:picasso:2.71828] AndroidManifest.xml:10:13-72
49            android:exported="false" />
49-->[com.squareup.picasso:picasso:2.71828] AndroidManifest.xml:11:13-37
50    </application>
51
52</manifest>